Mock Version: 6.0
Mock Version: 6.0
Mock Version: 6.0
ENTER ['do_with_status'](['bash', '--login', '-c', '/usr/bin/rpmbuild -bs --noclean --target noarch --nodeps /builddir/build/SPECS/python-boto3.spec'], chrootPath='/var/lib/mock/eln-build-side-108102-58033177-6561774/root'env={'TERM': 'vt100', 'SHELL': '/bin/bash', 'HOME': '/builddir', 'HOSTNAME': 'mock', 'PATH': '/usr/bin:/bin:/usr/sbin:/sbin', 'PROMPT_COMMAND': 'printf "\\033]0;<mock-chroot>\\007"', 'PS1': '<mock-chroot> \\s-\\v\\$ ', 'LANG': 'C.UTF-8'}shell=Falselogger=<mockbuild.trace_decorator.getLog object at 0xffffa5fb9590>timeout=201600uid=1000gid=425user='mockbuild'unshare_net=TrueprintOutput=Falsenspawn_args=['--capability=cap_ipc_lock', '--bind=/tmp/mock-resolv.i0e8y6hz:/etc/resolv.conf', '--bind=/dev/btrfs-control', '--bind=/dev/mapper/control', '--bind=/dev/fuse', '--bind=/dev/loop-control', '--bind=/dev/loop0', '--bind=/dev/loop1', '--bind=/dev/loop2', '--bind=/dev/loop3', '--bind=/dev/loop4', '--bind=/dev/loop5', '--bind=/dev/loop6', '--bind=/dev/loop7', '--bind=/dev/loop8', '--bind=/dev/loop9', '--bind=/dev/loop10', '--bind=/dev/loop11'])
Using nspawn with args ['--capability=cap_ipc_lock', '--bind=/tmp/mock-resolv.i0e8y6hz:/etc/resolv.conf', '--bind=/dev/btrfs-control', '--bind=/dev/mapper/control', '--bind=/dev/fuse', '--bind=/dev/loop-control', '--bind=/dev/loop0', '--bind=/dev/loop1', '--bind=/dev/loop2', '--bind=/dev/loop3', '--bind=/dev/loop4', '--bind=/dev/loop5', '--bind=/dev/loop6', '--bind=/dev/loop7', '--bind=/dev/loop8', '--bind=/dev/loop9', '--bind=/dev/loop10', '--bind=/dev/loop11']
Executing command: ['/usr/bin/systemd-nspawn', '-q', '-M', '3f7879f71b68488aaf2b750b318e33a3', '-D', '/var/lib/mock/eln-build-side-108102-58033177-6561774/root', '-a', '-u', 'mockbuild', '--capability=cap_ipc_lock', '--bind=/tmp/mock-resolv.i0e8y6hz:/etc/resolv.conf', '--bind=/dev/btrfs-control', '--bind=/dev/mapper/control', '--bind=/dev/fuse', '--bind=/dev/loop-control', '--bind=/dev/loop0', '--bind=/dev/loop1', '--bind=/dev/loop2', '--bind=/dev/loop3', '--bind=/dev/loop4', '--bind=/dev/loop5', '--bind=/dev/loop6', '--bind=/dev/loop7', '--bind=/dev/loop8', '--bind=/dev/loop9', '--bind=/dev/loop10', '--bind=/dev/loop11', '--console=pipe', '--setenv=TERM=vt100', '--setenv=SHELL=/bin/bash', '--setenv=HOME=/builddir', '--setenv=HOSTNAME=mock', '--setenv=PATH=/usr/bin:/bin:/usr/sbin:/sbin', '--setenv=PROMPT_COMMAND=printf "\\033]0;<mock-chroot>\\007"', '--setenv=PS1=<mock-chroot> \\s-\\v\\$ ', '--setenv=LANG=C.UTF-8', '--resolv-conf=off', 'bash', '--login', '-c', '/usr/bin/rpmbuild -bs --noclean --target noarch --nodeps /builddir/build/SPECS/python-boto3.spec'] with env {'TERM': 'vt100', 'SHELL': '/bin/bash', 'HOME': '/builddir', 'HOSTNAME': 'mock', 'PATH': '/usr/bin:/bin:/usr/sbin:/sbin', 'PROMPT_COMMAND': 'printf "\\033]0;<mock-chroot>\\007"', 'PS1': '<mock-chroot> \\s-\\v\\$ ', 'LANG': 'C.UTF-8', 'SYSTEMD_NSPAWN_TMPFS_TMP': '0', 'SYSTEMD_SECCOMP': '0'} and shell False
Building target platforms: noarch
Building for target noarch
setting SOURCE_DATE_EPOCH=1742169600
Wrote: /builddir/build/SRPMS/python-boto3-1.37.14-1.eln147.src.rpm
Child return code was: 0
ENTER ['do_with_status'](['bash', '--login', '-c', '/usr/bin/rpmbuild -br --noclean --target noarch --nodeps /builddir/build/SPECS/python-boto3.spec'], chrootPath='/var/lib/mock/eln-build-side-108102-58033177-6561774/root'env={'TERM': 'vt100', 'SHELL': '/bin/bash', 'HOME': '/builddir', 'HOSTNAME': 'mock', 'PATH': '/usr/bin:/bin:/usr/sbin:/sbin', 'PROMPT_COMMAND': 'printf "\\033]0;<mock-chroot>\\007"', 'PS1': '<mock-chroot> \\s-\\v\\$ ', 'LANG': 'C.UTF-8'}shell=Falselogger=<mockbuild.trace_decorator.getLog object at 0xffffa5fb9590>timeout=201600uid=1000gid=425user='mockbuild'unshare_net=TrueraiseExc=FalseprintOutput=Falsenspawn_args=['--capability=cap_ipc_lock', '--bind=/tmp/mock-resolv.i0e8y6hz:/etc/resolv.conf', '--bind=/dev/btrfs-control', '--bind=/dev/mapper/control', '--bind=/dev/fuse', '--bind=/dev/loop-control', '--bind=/dev/loop0', '--bind=/dev/loop1', '--bind=/dev/loop2', '--bind=/dev/loop3', '--bind=/dev/loop4', '--bind=/dev/loop5', '--bind=/dev/loop6', '--bind=/dev/loop7', '--bind=/dev/loop8', '--bind=/dev/loop9', '--bind=/dev/loop10', '--bind=/dev/loop11'])
Using nspawn with args ['--capability=cap_ipc_lock', '--bind=/tmp/mock-resolv.i0e8y6hz:/etc/resolv.conf', '--bind=/dev/btrfs-control', '--bind=/dev/mapper/control', '--bind=/dev/fuse', '--bind=/dev/loop-control', '--bind=/dev/loop0', '--bind=/dev/loop1', '--bind=/dev/loop2', '--bind=/dev/loop3', '--bind=/dev/loop4', '--bind=/dev/loop5', '--bind=/dev/loop6', '--bind=/dev/loop7', '--bind=/dev/loop8', '--bind=/dev/loop9', '--bind=/dev/loop10', '--bind=/dev/loop11']
Executing command: ['/usr/bin/systemd-nspawn', '-q', '-M', '444bc997a3734506842a833517c037ff', '-D', '/var/lib/mock/eln-build-side-108102-58033177-6561774/root', '-a', '-u', 'mockbuild', '--capability=cap_ipc_lock', '--bind=/tmp/mock-resolv.i0e8y6hz:/etc/resolv.conf', '--bind=/dev/btrfs-control', '--bind=/dev/mapper/control', '--bind=/dev/fuse', '--bind=/dev/loop-control', '--bind=/dev/loop0', '--bind=/dev/loop1', '--bind=/dev/loop2', '--bind=/dev/loop3', '--bind=/dev/loop4', '--bind=/dev/loop5', '--bind=/dev/loop6', '--bind=/dev/loop7', '--bind=/dev/loop8', '--bind=/dev/loop9', '--bind=/dev/loop10', '--bind=/dev/loop11', '--console=pipe', '--setenv=TERM=vt100', '--setenv=SHELL=/bin/bash', '--setenv=HOME=/builddir', '--setenv=HOSTNAME=mock', '--setenv=PATH=/usr/bin:/bin:/usr/sbin:/sbin', '--setenv=PROMPT_COMMAND=printf "\\033]0;<mock-chroot>\\007"', '--setenv=PS1=<mock-chroot> \\s-\\v\\$ ', '--setenv=LANG=C.UTF-8', '--resolv-conf=off', 'bash', '--login', '-c', '/usr/bin/rpmbuild -br --noclean --target noarch --nodeps /builddir/build/SPECS/python-boto3.spec'] with env {'TERM': 'vt100', 'SHELL': '/bin/bash', 'HOME': '/builddir', 'HOSTNAME': 'mock', 'PATH': '/usr/bin:/bin:/usr/sbin:/sbin', 'PROMPT_COMMAND': 'printf "\\033]0;<mock-chroot>\\007"', 'PS1': '<mock-chroot> \\s-\\v\\$ ', 'LANG': 'C.UTF-8', 'SYSTEMD_NSPAWN_TMPFS_TMP': '0', 'SYSTEMD_SECCOMP': '0'} and shell False
Building target platforms: noarch
Building for target noarch
setting SOURCE_DATE_EPOCH=1742169600
Executing(%mkbuilddir): /bin/sh -e /var/tmp/rpm-tmp.6zkrGn
Executing(%prep): /bin/sh -e /var/tmp/rpm-tmp.hS5Fet
+ umask 022
+ cd /builddir/build/BUILD/python-boto3-1.37.14-build
+ cd /builddir/build/BUILD/python-boto3-1.37.14-build
+ rm -rf boto3-1.37.14
+ /usr/lib/rpm/rpmuncompress -x /builddir/build/SOURCES/boto3-1.37.14.tar.gz
+ STATUS=0
+ '[' 0 -ne 0 ']'
+ cd boto3-1.37.14
+ /usr/bin/chmod -Rf a+rX,u+w,g-w,o-w .
+ RPM_EC=0
++ jobs -p
+ exit 0
Executing(%generate_buildrequires): /bin/sh -e /var/tmp/rpm-tmp.LaKv2X
+ umask 022
+ cd /builddir/build/BUILD/python-boto3-1.37.14-build
+ cd boto3-1.37.14
+ echo pyproject-rpm-macros
+ exit 0
Wrote: /builddir/build/SRPMS/python-boto3-1.37.14-1.eln147.buildreqs.nosrc.rpm
Child return code was: 11
Dynamic buildrequires detected
Going to install missing buildrequires. See root.log for details.
ENTER ['do_with_status'](['bash', '--login', '-c', '/usr/bin/rpmbuild -br --noprep --noclean --target noarch --nodeps /builddir/build/SPECS/python-boto3.spec'], chrootPath='/var/lib/mock/eln-build-side-108102-58033177-6561774/root'env={'TERM': 'vt100', 'SHELL': '/bin/bash', 'HOME': '/builddir', 'HOSTNAME': 'mock', 'PATH': '/usr/bin:/bin:/usr/sbin:/sbin', 'PROMPT_COMMAND': 'printf "\\033]0;<mock-chroot>\\007"', 'PS1': '<mock-chroot> \\s-\\v\\$ ', 'LANG': 'C.UTF-8'}shell=Falselogger=<mockbuild.trace_decorator.getLog object at 0xffffa5fb9590>timeout=201600uid=1000gid=425user='mockbuild'unshare_net=TrueraiseExc=FalseprintOutput=Falsenspawn_args=['--capability=cap_ipc_lock', '--bind=/tmp/mock-resolv.i0e8y6hz:/etc/resolv.conf', '--bind=/dev/btrfs-control', '--bind=/dev/mapper/control', '--bind=/dev/fuse', '--bind=/dev/loop-control', '--bind=/dev/loop0', '--bind=/dev/loop1', '--bind=/dev/loop2', '--bind=/dev/loop3', '--bind=/dev/loop4', '--bind=/dev/loop5', '--bind=/dev/loop6', '--bind=/dev/loop7', '--bind=/dev/loop8', '--bind=/dev/loop9', '--bind=/dev/loop10', '--bind=/dev/loop11'])
Using nspawn with args ['--capability=cap_ipc_lock', '--bind=/tmp/mock-resolv.i0e8y6hz:/etc/resolv.conf', '--bind=/dev/btrfs-control', '--bind=/dev/mapper/control', '--bind=/dev/fuse', '--bind=/dev/loop-control', '--bind=/dev/loop0', '--bind=/dev/loop1', '--bind=/dev/loop2', '--bind=/dev/loop3', '--bind=/dev/loop4', '--bind=/dev/loop5', '--bind=/dev/loop6', '--bind=/dev/loop7', '--bind=/dev/loop8', '--bind=/dev/loop9', '--bind=/dev/loop10', '--bind=/dev/loop11']
Executing command: ['/usr/bin/systemd-nspawn', '-q', '-M', '7aec9502eaf0435d826c713d53e43dc3', '-D', '/var/lib/mock/eln-build-side-108102-58033177-6561774/root', '-a', '-u', 'mockbuild', '--capability=cap_ipc_lock', '--bind=/tmp/mock-resolv.i0e8y6hz:/etc/resolv.conf', '--bind=/dev/btrfs-control', '--bind=/dev/mapper/control', '--bind=/dev/fuse', '--bind=/dev/loop-control', '--bind=/dev/loop0', '--bind=/dev/loop1', '--bind=/dev/loop2', '--bind=/dev/loop3', '--bind=/dev/loop4', '--bind=/dev/loop5', '--bind=/dev/loop6', '--bind=/dev/loop7', '--bind=/dev/loop8', '--bind=/dev/loop9', '--bind=/dev/loop10', '--bind=/dev/loop11', '--console=pipe', '--setenv=TERM=vt100', '--setenv=SHELL=/bin/bash', '--setenv=HOME=/builddir', '--setenv=HOSTNAME=mock', '--setenv=PATH=/usr/bin:/bin:/usr/sbin:/sbin', '--setenv=PROMPT_COMMAND=printf "\\033]0;<mock-chroot>\\007"', '--setenv=PS1=<mock-chroot> \\s-\\v\\$ ', '--setenv=LANG=C.UTF-8', '--resolv-conf=off', 'bash', '--login', '-c', '/usr/bin/rpmbuild -br --noprep --noclean --target noarch --nodeps /builddir/build/SPECS/python-boto3.spec'] with env {'TERM': 'vt100', 'SHELL': '/bin/bash', 'HOME': '/builddir', 'HOSTNAME': 'mock', 'PATH': '/usr/bin:/bin:/usr/sbin:/sbin', 'PROMPT_COMMAND': 'printf "\\033]0;<mock-chroot>\\007"', 'PS1': '<mock-chroot> \\s-\\v\\$ ', 'LANG': 'C.UTF-8', 'SYSTEMD_NSPAWN_TMPFS_TMP': '0', 'SYSTEMD_SECCOMP': '0'} and shell False
Building target platforms: noarch
Building for target noarch
setting SOURCE_DATE_EPOCH=1742169600
Executing(%generate_buildrequires): /bin/sh -e /var/tmp/rpm-tmp.vgBNLd
+ umask 022
+ cd /builddir/build/BUILD/python-boto3-1.37.14-build
+ cd boto3-1.37.14
+ echo pyproject-rpm-macros
+ echo python3-devel
+ echo 'python3dist(packaging)'
+ echo 'python3dist(pip) >= 19'
+ '[' -f pyproject.toml ']'
+ echo '(python3dist(tomli) if python3-devel < 3.11)'
+ rm -rfv '*.dist-info/'
+ '[' -f /usr/bin/python3 ']'
+ mkdir -p /builddir/build/BUILD/python-boto3-1.37.14-build/boto3-1.37.14/.pyproject-builddir
+ echo -n
+ CFLAGS='-O2 -flto=auto -ffat-lto-objects -fexceptions -g -grecord-gcc-switches -pipe -Wall -Werror=format-security -Wp,-U_FORTIFY_SOURCE,-D_FORTIFY_SOURCE=3 -Wp,-D_GLIBCXX_ASSERTIONS -specs=/usr/lib/rpm/redhat/redhat-hardened-cc1 -fstack-protector-strong -specs=/usr/lib/rpm/redhat/redhat-annobin-cc1  -mbranch-protection=standard -fasynchronous-unwind-tables -fstack-clash-protection -fno-omit-frame-pointer -mno-omit-leaf-frame-pointer '
+ CXXFLAGS='-O2 -flto=auto -ffat-lto-objects -fexceptions -g -grecord-gcc-switches -pipe -Wall -Werror=format-security -Wp,-U_FORTIFY_SOURCE,-D_FORTIFY_SOURCE=3 -Wp,-D_GLIBCXX_ASSERTIONS -specs=/usr/lib/rpm/redhat/redhat-hardened-cc1 -fstack-protector-strong -specs=/usr/lib/rpm/redhat/redhat-annobin-cc1  -mbranch-protection=standard -fasynchronous-unwind-tables -fstack-clash-protection -fno-omit-frame-pointer -mno-omit-leaf-frame-pointer '
+ FFLAGS='-O2 -flto=auto -ffat-lto-objects -fexceptions -g -grecord-gcc-switches -pipe -Wall -Wp,-U_FORTIFY_SOURCE,-D_FORTIFY_SOURCE=3 -Wp,-D_GLIBCXX_ASSERTIONS -specs=/usr/lib/rpm/redhat/redhat-hardened-cc1 -fstack-protector-strong -specs=/usr/lib/rpm/redhat/redhat-annobin-cc1  -mbranch-protection=standard -fasynchronous-unwind-tables -fstack-clash-protection -fno-omit-frame-pointer -mno-omit-leaf-frame-pointer -I/usr/lib/gfortran/modules '
+ FCFLAGS='-O2 -flto=auto -ffat-lto-objects -fexceptions -g -grecord-gcc-switches -pipe -Wall -Wp,-U_FORTIFY_SOURCE,-D_FORTIFY_SOURCE=3 -Wp,-D_GLIBCXX_ASSERTIONS -specs=/usr/lib/rpm/redhat/redhat-hardened-cc1 -fstack-protector-strong -specs=/usr/lib/rpm/redhat/redhat-annobin-cc1  -mbranch-protection=standard -fasynchronous-unwind-tables -fstack-clash-protection -fno-omit-frame-pointer -mno-omit-leaf-frame-pointer -I/usr/lib/gfortran/modules '
+ VALAFLAGS=-g
+ LDFLAGS='-Wl,-z,relro -Wl,--as-needed   -Wl,-z,now -specs=/usr/lib/rpm/redhat/redhat-hardened-ld -specs=/usr/lib/rpm/redhat/redhat-annobin-cc1  -Wl,--build-id=sha1  '
+ LT_SYS_LIBRARY_PATH=/usr/lib:
+ CC=gcc
+ CXX=g++
+ TMPDIR=/builddir/build/BUILD/python-boto3-1.37.14-build/boto3-1.37.14/.pyproject-builddir
+ RPM_TOXENV=py313
+ HOSTNAME=rpmbuild
+ /usr/bin/python3 -Bs /usr/lib/rpm/redhat/pyproject_buildrequires.py --generate-extras --python3_pkgversion 3 --wheeldir /builddir/build/BUILD/python-boto3-1.37.14-build/boto3-1.37.14/pyproject-wheeldir --output /builddir/build/BUILD/python-boto3-1.37.14-build/python-boto3-1.37.14-1.eln147.noarch-pyproject-buildrequires
Handling setuptools >= 40.8 from default build backend
Requirement not satisfied: setuptools >= 40.8
Exiting dependency generation pass: build backend
+ cat /builddir/build/BUILD/python-boto3-1.37.14-build/python-boto3-1.37.14-1.eln147.noarch-pyproject-buildrequires
+ rm -rfv '*.dist-info/'
+ RPM_EC=0
++ jobs -p
+ exit 0
Wrote: /builddir/build/SRPMS/python-boto3-1.37.14-1.eln147.buildreqs.nosrc.rpm
Child return code was: 11
Dynamic buildrequires detected
Going to install missing buildrequires. See root.log for details.
ENTER ['do_with_status'](['bash', '--login', '-c', '/usr/bin/rpmbuild -br --noprep --noclean --target noarch --nodeps /builddir/build/SPECS/python-boto3.spec'], chrootPath='/var/lib/mock/eln-build-side-108102-58033177-6561774/root'env={'TERM': 'vt100', 'SHELL': '/bin/bash', 'HOME': '/builddir', 'HOSTNAME': 'mock', 'PATH': '/usr/bin:/bin:/usr/sbin:/sbin', 'PROMPT_COMMAND': 'printf "\\033]0;<mock-chroot>\\007"', 'PS1': '<mock-chroot> \\s-\\v\\$ ', 'LANG': 'C.UTF-8'}shell=Falselogger=<mockbuild.trace_decorator.getLog object at 0xffffa5fb9590>timeout=201600uid=1000gid=425user='mockbuild'unshare_net=TrueraiseExc=FalseprintOutput=Falsenspawn_args=['--capability=cap_ipc_lock', '--bind=/tmp/mock-resolv.i0e8y6hz:/etc/resolv.conf', '--bind=/dev/btrfs-control', '--bind=/dev/mapper/control', '--bind=/dev/fuse', '--bind=/dev/loop-control', '--bind=/dev/loop0', '--bind=/dev/loop1', '--bind=/dev/loop2', '--bind=/dev/loop3', '--bind=/dev/loop4', '--bind=/dev/loop5', '--bind=/dev/loop6', '--bind=/dev/loop7', '--bind=/dev/loop8', '--bind=/dev/loop9', '--bind=/dev/loop10', '--bind=/dev/loop11'])
Using nspawn with args ['--capability=cap_ipc_lock', '--bind=/tmp/mock-resolv.i0e8y6hz:/etc/resolv.conf', '--bind=/dev/btrfs-control', '--bind=/dev/mapper/control', '--bind=/dev/fuse', '--bind=/dev/loop-control', '--bind=/dev/loop0', '--bind=/dev/loop1', '--bind=/dev/loop2', '--bind=/dev/loop3', '--bind=/dev/loop4', '--bind=/dev/loop5', '--bind=/dev/loop6', '--bind=/dev/loop7', '--bind=/dev/loop8', '--bind=/dev/loop9', '--bind=/dev/loop10', '--bind=/dev/loop11']
Executing command: ['/usr/bin/systemd-nspawn', '-q', '-M', 'c42dfaa432a44ec699fdfe0d865be7c2', '-D', '/var/lib/mock/eln-build-side-108102-58033177-6561774/root', '-a', '-u', 'mockbuild', '--capability=cap_ipc_lock', '--bind=/tmp/mock-resolv.i0e8y6hz:/etc/resolv.conf', '--bind=/dev/btrfs-control', '--bind=/dev/mapper/control', '--bind=/dev/fuse', '--bind=/dev/loop-control', '--bind=/dev/loop0', '--bind=/dev/loop1', '--bind=/dev/loop2', '--bind=/dev/loop3', '--bind=/dev/loop4', '--bind=/dev/loop5', '--bind=/dev/loop6', '--bind=/dev/loop7', '--bind=/dev/loop8', '--bind=/dev/loop9', '--bind=/dev/loop10', '--bind=/dev/loop11', '--console=pipe', '--setenv=TERM=vt100', '--setenv=SHELL=/bin/bash', '--setenv=HOME=/builddir', '--setenv=HOSTNAME=mock', '--setenv=PATH=/usr/bin:/bin:/usr/sbin:/sbin', '--setenv=PROMPT_COMMAND=printf "\\033]0;<mock-chroot>\\007"', '--setenv=PS1=<mock-chroot> \\s-\\v\\$ ', '--setenv=LANG=C.UTF-8', '--resolv-conf=off', 'bash', '--login', '-c', '/usr/bin/rpmbuild -br --noprep --noclean --target noarch --nodeps /builddir/build/SPECS/python-boto3.spec'] with env {'TERM': 'vt100', 'SHELL': '/bin/bash', 'HOME': '/builddir', 'HOSTNAME': 'mock', 'PATH': '/usr/bin:/bin:/usr/sbin:/sbin', 'PROMPT_COMMAND': 'printf "\\033]0;<mock-chroot>\\007"', 'PS1': '<mock-chroot> \\s-\\v\\$ ', 'LANG': 'C.UTF-8', 'SYSTEMD_NSPAWN_TMPFS_TMP': '0', 'SYSTEMD_SECCOMP': '0'} and shell False
Building target platforms: noarch
Building for target noarch
setting SOURCE_DATE_EPOCH=1742169600
Executing(%generate_buildrequires): /bin/sh -e /var/tmp/rpm-tmp.iFCl1k
+ umask 022
+ cd /builddir/build/BUILD/python-boto3-1.37.14-build
+ cd boto3-1.37.14
+ echo pyproject-rpm-macros
+ echo python3-devel
+ echo 'python3dist(packaging)'
+ echo 'python3dist(pip) >= 19'
+ '[' -f pyproject.toml ']'
+ echo '(python3dist(tomli) if python3-devel < 3.11)'
+ rm -rfv '*.dist-info/'
+ '[' -f /usr/bin/python3 ']'
+ mkdir -p /builddir/build/BUILD/python-boto3-1.37.14-build/boto3-1.37.14/.pyproject-builddir
+ echo -n
+ CFLAGS='-O2 -flto=auto -ffat-lto-objects -fexceptions -g -grecord-gcc-switches -pipe -Wall -Werror=format-security -Wp,-U_FORTIFY_SOURCE,-D_FORTIFY_SOURCE=3 -Wp,-D_GLIBCXX_ASSERTIONS -specs=/usr/lib/rpm/redhat/redhat-hardened-cc1 -fstack-protector-strong -specs=/usr/lib/rpm/redhat/redhat-annobin-cc1  -mbranch-protection=standard -fasynchronous-unwind-tables -fstack-clash-protection -fno-omit-frame-pointer -mno-omit-leaf-frame-pointer '
+ CXXFLAGS='-O2 -flto=auto -ffat-lto-objects -fexceptions -g -grecord-gcc-switches -pipe -Wall -Werror=format-security -Wp,-U_FORTIFY_SOURCE,-D_FORTIFY_SOURCE=3 -Wp,-D_GLIBCXX_ASSERTIONS -specs=/usr/lib/rpm/redhat/redhat-hardened-cc1 -fstack-protector-strong -specs=/usr/lib/rpm/redhat/redhat-annobin-cc1  -mbranch-protection=standard -fasynchronous-unwind-tables -fstack-clash-protection -fno-omit-frame-pointer -mno-omit-leaf-frame-pointer '
+ FFLAGS='-O2 -flto=auto -ffat-lto-objects -fexceptions -g -grecord-gcc-switches -pipe -Wall -Wp,-U_FORTIFY_SOURCE,-D_FORTIFY_SOURCE=3 -Wp,-D_GLIBCXX_ASSERTIONS -specs=/usr/lib/rpm/redhat/redhat-hardened-cc1 -fstack-protector-strong -specs=/usr/lib/rpm/redhat/redhat-annobin-cc1  -mbranch-protection=standard -fasynchronous-unwind-tables -fstack-clash-protection -fno-omit-frame-pointer -mno-omit-leaf-frame-pointer -I/usr/lib/gfortran/modules '
+ FCFLAGS='-O2 -flto=auto -ffat-lto-objects -fexceptions -g -grecord-gcc-switches -pipe -Wall -Wp,-U_FORTIFY_SOURCE,-D_FORTIFY_SOURCE=3 -Wp,-D_GLIBCXX_ASSERTIONS -specs=/usr/lib/rpm/redhat/redhat-hardened-cc1 -fstack-protector-strong -specs=/usr/lib/rpm/redhat/redhat-annobin-cc1  -mbranch-protection=standard -fasynchronous-unwind-tables -fstack-clash-protection -fno-omit-frame-pointer -mno-omit-leaf-frame-pointer -I/usr/lib/gfortran/modules '
+ VALAFLAGS=-g
+ LDFLAGS='-Wl,-z,relro -Wl,--as-needed   -Wl,-z,now -specs=/usr/lib/rpm/redhat/redhat-hardened-ld -specs=/usr/lib/rpm/redhat/redhat-annobin-cc1  -Wl,--build-id=sha1  '
+ LT_SYS_LIBRARY_PATH=/usr/lib:
+ CC=gcc
+ CXX=g++
+ TMPDIR=/builddir/build/BUILD/python-boto3-1.37.14-build/boto3-1.37.14/.pyproject-builddir
+ RPM_TOXENV=py313
+ HOSTNAME=rpmbuild
+ /usr/bin/python3 -Bs /usr/lib/rpm/redhat/pyproject_buildrequires.py --generate-extras --python3_pkgversion 3 --wheeldir /builddir/build/BUILD/python-boto3-1.37.14-build/boto3-1.37.14/pyproject-wheeldir --output /builddir/build/BUILD/python-boto3-1.37.14-build/python-boto3-1.37.14-1.eln147.noarch-pyproject-buildrequires
Handling setuptools >= 40.8 from default build backend
Requirement satisfied: setuptools >= 40.8
   (installed: setuptools 74.1.3)
running egg_info
creating boto3.egg-info
writing boto3.egg-info/PKG-INFO
writing dependency_links to boto3.egg-info/dependency_links.txt
writing requirements to boto3.egg-info/requires.txt
writing top-level names to boto3.egg-info/top_level.txt
writing manifest file 'boto3.egg-info/SOURCES.txt'
reading manifest file 'boto3.egg-info/SOURCES.txt'
reading manifest template 'MANIFEST.in'
adding license file 'LICENSE'
adding license file 'NOTICE'
writing manifest file 'boto3.egg-info/SOURCES.txt'
running dist_info
writing boto3.egg-info/PKG-INFO
writing dependency_links to boto3.egg-info/dependency_links.txt
writing requirements to boto3.egg-info/requires.txt
writing top-level names to boto3.egg-info/top_level.txt
reading manifest file 'boto3.egg-info/SOURCES.txt'
reading manifest template 'MANIFEST.in'
adding license file 'LICENSE'
adding license file 'NOTICE'
writing manifest file 'boto3.egg-info/SOURCES.txt'
creating '/builddir/build/BUILD/python-boto3-1.37.14-build/boto3-1.37.14/boto3-1.37.14.dist-info'
Handling botocore <1.38.0,>=1.37.14 from hook generated metadata: Requires-Dist (boto3)
Requirement not satisfied: botocore <1.38.0,>=1.37.14
Handling jmespath <2.0.0,>=0.7.1 from hook generated metadata: Requires-Dist (boto3)
Requirement not satisfied: jmespath <2.0.0,>=0.7.1
Handling s3transfer <0.12.0,>=0.11.0 from hook generated metadata: Requires-Dist (boto3)
Requirement not satisfied: s3transfer <0.12.0,>=0.11.0
Handling botocore[crt] <2.0a0,>=1.21.0 ; extra == 'crt' from hook generated metadata: Requires-Dist (boto3)
Ignoring alien requirement: botocore[crt] <2.0a0,>=1.21.0 ; extra == 'crt'
+ cat /builddir/build/BUILD/python-boto3-1.37.14-build/python-boto3-1.37.14-1.eln147.noarch-pyproject-buildrequires
+ rm -rfv boto3-1.37.14.dist-info/
removed 'boto3-1.37.14.dist-info/top_level.txt'
removed 'boto3-1.37.14.dist-info/METADATA'
removed 'boto3-1.37.14.dist-info/LICENSE'
removed 'boto3-1.37.14.dist-info/NOTICE'
removed directory 'boto3-1.37.14.dist-info/'
+ RPM_EC=0
++ jobs -p
+ exit 0
Wrote: /builddir/build/SRPMS/python-boto3-1.37.14-1.eln147.buildreqs.nosrc.rpm
Child return code was: 11
Dynamic buildrequires detected
Going to install missing buildrequires. See root.log for details.
