Warning: Permanently added '52.91.84.150' (ED25519) to the list of known hosts.

You can reproduce this build on your computer by running:

  sudo dnf install copr-rpmbuild
  /usr/bin/copr-rpmbuild --verbose --drop-resultdir --srpm --task-url https://copr.fedorainfracloud.org/backend/get-srpm-build-task/8772692


Version: 1.2
PID: 8920
Logging PID: 8921
Task:
{'appstream': False,
 'background': True,
 'build_id': 8772692,
 'chroot': None,
 'package_name': 'product-listings-manager',
 'project_dirname': 'product-listings-manager',
 'project_name': 'product-listings-manager',
 'project_owner': 'ktdreyer',
 'repos': [],
 'sandbox': 'ktdreyer/product-listings-manager--https://api.github.com/users/hluk',
 'source_json': {'clone_url': 'https://github.com/release-engineering/product-listings-manager.git',
                 'committish': '6530bd5afc44e4982fb5d4f921fa61e6137ebc6e',
                 'spec': '',
                 'srpm_build_method': 'make_srpm',
                 'subdirectory': '',
                 'type': 'git'},
 'source_type': 8,
 'submitter': 'https://api.github.com/users/hluk',
 'task_id': '8772692'}

Running: git clone https://github.com/release-engineering/product-listings-manager.git /var/lib/copr-rpmbuild/workspace/workdir-p_1mohso/product-listings-manager --depth 500 --no-single-branch --recursive

cmd: ['git', 'clone', 'https://github.com/release-engineering/product-listings-manager.git', '/var/lib/copr-rpmbuild/workspace/workdir-p_1mohso/product-listings-manager', '--depth', '500', '--no-single-branch', '--recursive']
cwd: .
rc: 0
stdout: 
stderr: Cloning into '/var/lib/copr-rpmbuild/workspace/workdir-p_1mohso/product-listings-manager'...

Running: git checkout 6530bd5afc44e4982fb5d4f921fa61e6137ebc6e --

cmd: ['git', 'checkout', '6530bd5afc44e4982fb5d4f921fa61e6137ebc6e', '--']
cwd: /var/lib/copr-rpmbuild/workspace/workdir-p_1mohso/product-listings-manager
rc: 0
stdout: 
stderr: Note: switching to '6530bd5afc44e4982fb5d4f921fa61e6137ebc6e'.

You are in 'detached HEAD' state. You can look around, make experimental
changes and commit them, and you can discard any commits you make in this
state without impacting any branches by switching back to a branch.

If you want to create a new branch to retain commits you create, you may
do so (now or later) by using -c with the switch command. Example:

  git switch -c <new-branch-name>

Or undo this operation with:

  git switch -

Turn off this advice by setting config variable advice.detachedHead to false

HEAD is now at 6530bd5 Update all dependencies (#326)

Running: mock --uniqueext 1742201415.813035 -r /var/lib/copr-rpmbuild/workspace/safe-resultdir-d2_lrrpy/mock-source-build.cfg '--plugin-option=bind_mount:dirs=(("/var/lib/copr-rpmbuild/workspace/workdir-p_1mohso", "/mnt/workdir-p_1mohso"), ("/var/lib/copr-rpmbuild/workspace/safe-resultdir-d2_lrrpy", "/mnt/safe-resultdir-d2_lrrpy"))' --chroot 'set -x && cd /mnt/workdir-p_1mohso/product-listings-manager && echo -e "[safe]
directory = /mnt/workdir-p_1mohso/product-listings-manager
directory = /mnt/workdir-p_1mohso/product-listings-manager/*" > ~/.gitconfig && make -f /mnt/workdir-p_1mohso/product-listings-manager/.copr/Makefile srpm outdir="/mnt/safe-resultdir-d2_lrrpy" spec="/mnt/workdir-p_1mohso/product-listings-manager"'

cmd: ['mock', '--uniqueext', '1742201415.813035', '-r', '/var/lib/copr-rpmbuild/workspace/safe-resultdir-d2_lrrpy/mock-source-build.cfg', '--plugin-option=bind_mount:dirs=(("/var/lib/copr-rpmbuild/workspace/workdir-p_1mohso", "/mnt/workdir-p_1mohso"), ("/var/lib/copr-rpmbuild/workspace/safe-resultdir-d2_lrrpy", "/mnt/safe-resultdir-d2_lrrpy"))', '--chroot', 'set -x && cd /mnt/workdir-p_1mohso/product-listings-manager && echo -e "[safe]\ndirectory = /mnt/workdir-p_1mohso/product-listings-manager\ndirectory = /mnt/workdir-p_1mohso/product-listings-manager/*" > ~/.gitconfig && make -f /mnt/workdir-p_1mohso/product-listings-manager/.copr/Makefile srpm outdir="/mnt/safe-resultdir-d2_lrrpy" spec="/mnt/workdir-p_1mohso/product-listings-manager"']
cwd: /var/lib/copr-rpmbuild/workspace/workdir-p_1mohso/product-listings-manager
rc: 2
stdout: + cd /mnt/workdir-p_1mohso/product-listings-manager
+ echo -e '[safe]
directory = /mnt/workdir-p_1mohso/product-listings-manager
directory = /mnt/workdir-p_1mohso/product-listings-manager/*'
+ make -f /mnt/workdir-p_1mohso/product-listings-manager/.copr/Makefile srpm outdir=/mnt/safe-resultdir-d2_lrrpy spec=/mnt/workdir-p_1mohso/product-listings-manager
make: /mnt/workdir-p_1mohso/product-listings-manager/.copr/Makefile: No such file or directory
make: *** No rule to make target '/mnt/workdir-p_1mohso/product-listings-manager/.copr/Makefile'.  Stop.
stderr: INFO: mock.py version 6.1 starting (python version = 3.13.0, NVR = mock-6.1-1.fc41), args: /usr/libexec/mock/mock --uniqueext 1742201415.813035 -r /var/lib/copr-rpmbuild/workspace/safe-resultdir-d2_lrrpy/mock-source-build.cfg '--plugin-option=bind_mount:dirs=(("/var/lib/copr-rpmbuild/workspace/workdir-p_1mohso", "/mnt/workdir-p_1mohso"), ("/var/lib/copr-rpmbuild/workspace/safe-resultdir-d2_lrrpy", "/mnt/safe-resultdir-d2_lrrpy"))' --chroot 'set -x && cd /mnt/workdir-p_1mohso/product-listings-manager && echo -e "[safe]
directory = /mnt/workdir-p_1mohso/product-listings-manager
directory = /mnt/workdir-p_1mohso/product-listings-manager/*" > ~/.gitconfig && make -f /mnt/workdir-p_1mohso/product-listings-manager/.copr/Makefile srpm outdir="/mnt/safe-resultdir-d2_lrrpy" spec="/mnt/workdir-p_1mohso/product-listings-manager"'
Start: init plugins
INFO: tmpfs initialized
INFO: selinux enabled
INFO: chroot_scan: initialized
INFO: compress_logs: initialized
Finish: init plugins
INFO: Signal handler active
Start: run
Mock Version: 6.1
INFO: Mock Version: 6.1
Start: chroot init
INFO: mounting tmpfs at /var/lib/mock/make-srpm-method-1742201415.813035/root.
INFO: calling preinit hooks
INFO: enabled root cache
INFO: enabled package manager cache
Start: cleaning package manager metadata
Finish: cleaning package manager metadata
INFO: enabled HW Info plugin
INFO: Package manager dnf5 detected and used (fallback)
Start: installing minimal buildroot with dnf5
Finish: installing minimal buildroot with dnf5
Start: creating root cache
Finish: creating root cache
Finish: chroot init
INFO: Installed packages:
INFO: add-determinism-0.3.6-3.fc41.aarch64
alternatives-1.31-1.fc41.aarch64
ansible-srpm-macros-1-16.fc41.noarch
audit-libs-4.0.3-1.fc41.aarch64
authselect-1.5.0-8.fc41.aarch64
authselect-libs-1.5.0-8.fc41.aarch64
basesystem-11-21.fc41.noarch
bash-5.2.32-1.fc41.aarch64
binutils-2.43.1-5.fc41.aarch64
build-reproducibility-srpm-macros-0.3.6-3.fc41.noarch
bzip2-1.0.8-19.fc41.aarch64
bzip2-libs-1.0.8-19.fc41.aarch64
ca-certificates-2024.2.69_v8.0.401-1.0.fc41.noarch
coreutils-9.5-11.fc41.aarch64
coreutils-common-9.5-11.fc41.aarch64
cpio-2.15-2.fc41.aarch64
cracklib-2.9.11-6.fc41.aarch64
crypto-policies-20250124-1.git4d262e7.fc41.noarch
curl-8.9.1-3.fc41.aarch64
cyrus-sasl-lib-2.1.28-27.fc41.aarch64
debugedit-5.1-4.fc41.aarch64
diffutils-3.10-8.fc41.aarch64
dnf5-5.2.11.0-1.fc41.aarch64
dwz-0.15-8.fc41.aarch64
ed-1.20.2-2.fc41.aarch64
efi-srpm-macros-5-13.fc41.noarch
elfutils-0.192-9.fc41.aarch64
elfutils-debuginfod-client-0.192-9.fc41.aarch64
elfutils-default-yama-scope-0.192-9.fc41.noarch
elfutils-libelf-0.192-9.fc41.aarch64
elfutils-libs-0.192-9.fc41.aarch64
fedora-gpg-keys-41-1.noarch
fedora-release-41-31.noarch
fedora-release-common-41-31.noarch
fedora-release-identity-basic-41-31.noarch
fedora-repos-41-1.noarch
file-5.45-7.fc41.aarch64
file-libs-5.45-7.fc41.aarch64
filesystem-3.18-23.fc41.aarch64
findutils-4.10.0-4.fc41.aarch64
fmt-11.0.2-2.fc41.aarch64
fonts-srpm-macros-2.0.5-17.fc41.noarch
forge-srpm-macros-0.4.0-1.fc41.noarch
fpc-srpm-macros-1.3-13.fc41.noarch
gawk-5.3.0-4.fc41.aarch64
gdb-minimal-16.2-1.fc41.aarch64
gdbm-1.23-7.fc41.aarch64
gdbm-libs-1.23-7.fc41.aarch64
ghc-srpm-macros-1.9.1-2.fc41.noarch
glib2-2.82.2-1.fc41.aarch64
glibc-2.40-23.fc41.aarch64
glibc-common-2.40-23.fc41.aarch64
glibc-gconv-extra-2.40-23.fc41.aarch64
glibc-minimal-langpack-2.40-23.fc41.aarch64
gmp-6.3.0-2.fc41.aarch64
gnat-srpm-macros-6-6.fc41.noarch
gnutls-3.8.9-2.fc41.aarch64
go-srpm-macros-3.6.0-5.fc41.noarch
gpg-pubkey-e99d6ad1-64d2612c
grep-3.11-9.fc41.aarch64
gzip-1.13-2.fc41.aarch64
info-7.1-3.fc41.aarch64
jansson-2.13.1-10.fc41.aarch64
json-c-0.17-4.fc41.aarch64
kernel-srpm-macros-1.0-24.fc41.noarch
keyutils-libs-1.6.3-4.fc41.aarch64
krb5-libs-1.21.3-4.fc41.aarch64
libacl-2.3.2-2.fc41.aarch64
libarchive-3.7.4-4.fc41.aarch64
libattr-2.5.2-4.fc41.aarch64
libblkid-2.40.4-1.fc41.aarch64
libbrotli-1.1.0-5.fc41.aarch64
libcap-2.70-4.fc41.aarch64
libcap-ng-0.8.5-3.fc41.aarch64
libcom_err-1.47.1-6.fc41.aarch64
libcurl-8.9.1-3.fc41.aarch64
libdnf5-5.2.11.0-1.fc41.aarch64
libdnf5-cli-5.2.11.0-1.fc41.aarch64
libeconf-0.6.2-3.fc41.aarch64
libevent-2.1.12-14.fc41.aarch64
libfdisk-2.40.4-1.fc41.aarch64
libffi-3.4.6-3.fc41.aarch64
libgcc-14.2.1-7.fc41.aarch64
libgomp-14.2.1-7.fc41.aarch64
libidn2-2.3.8-1.fc41.aarch64
libmodulemd-2.15.0-14.fc41.aarch64
libmount-2.40.4-1.fc41.aarch64
libnghttp2-1.62.1-2.fc41.aarch64
libnsl2-2.0.1-2.fc41.aarch64
libpkgconf-2.3.0-1.fc41.aarch64
libpsl-0.21.5-4.fc41.aarch64
libpwquality-1.4.5-11.fc41.aarch64
librepo-1.19.0-1.fc41.aarch64
libselinux-3.7-5.fc41.aarch64
libsemanage-3.7-2.fc41.aarch64
libsepol-3.7-2.fc41.aarch64
libsmartcols-2.40.4-1.fc41.aarch64
libsolv-0.7.31-1.fc41.aarch64
libssh-0.10.6-8.fc41.aarch64
libssh-config-0.10.6-8.fc41.noarch
libstdc++-14.2.1-7.fc41.aarch64
libtasn1-4.20.0-1.fc41.aarch64
libtirpc-1.3.6-1.rc3.fc41.aarch64
libtool-ltdl-2.4.7-12.fc41.aarch64
libunistring-1.1-8.fc41.aarch64
libutempter-1.2.1-15.fc41.aarch64
libuuid-2.40.4-1.fc41.aarch64
libverto-0.3.2-9.fc41.aarch64
libxcrypt-4.4.38-6.fc41.aarch64
libxml2-2.12.10-1.fc41.aarch64
libyaml-0.2.5-15.fc41.aarch64
libzstd-1.5.7-1.fc41.aarch64
lua-libs-5.4.7-3.fc41.aarch64
lua-srpm-macros-1-14.fc41.noarch
lz4-libs-1.10.0-1.fc41.aarch64
make-4.4.1-8.fc41.aarch64
mpfr-4.2.1-5.fc41.aarch64
ncurses-base-6.5-2.20240629.fc41.noarch
ncurses-libs-6.5-2.20240629.fc41.aarch64
nettle-3.10-3.fc41.aarch64
ocaml-srpm-macros-10-3.fc41.noarch
openblas-srpm-macros-2-18.fc41.noarch
openldap-2.6.8-7.fc41.aarch64
openssl-libs-3.2.4-1.fc41.aarch64
p11-kit-0.25.5-3.fc41.aarch64
p11-kit-trust-0.25.5-3.fc41.aarch64
package-notes-srpm-macros-0.5-12.fc41.noarch
pam-1.6.1-7.fc41.aarch64
pam-libs-1.6.1-7.fc41.aarch64
patch-2.7.6-25.fc41.aarch64
pcre2-10.44-1.fc41.1.aarch64
pcre2-syntax-10.44-1.fc41.1.noarch
perl-srpm-macros-1-56.fc41.noarch
pkgconf-2.3.0-1.fc41.aarch64
pkgconf-m4-2.3.0-1.fc41.noarch
pkgconf-pkg-config-2.3.0-1.fc41.aarch64
popt-1.19-7.fc41.aarch64
publicsuffix-list-dafsa-20250116-1.fc41.noarch
pyproject-srpm-macros-1.17.0-1.fc41.noarch
python-srpm-macros-3.13-3.fc41.noarch
qt5-srpm-macros-5.15.15-1.fc41.noarch
qt6-srpm-macros-6.8.2-1.fc41.noarch
readline-8.2-10.fc41.aarch64
redhat-rpm-config-293-1.fc41.noarch
rpm-4.20.0-1.fc41.aarch64
rpm-build-4.20.0-1.fc41.aarch64
rpm-build-libs-4.20.0-1.fc41.aarch64
rpm-libs-4.20.0-1.fc41.aarch64
rpm-sequoia-1.7.0-5.fc41.aarch64
rust-srpm-macros-26.3-3.fc41.noarch
sdbus-cpp-1.5.0-3.fc41.aarch64
sed-4.9-3.fc41.aarch64
setup-2.15.0-8.fc41.noarch
shadow-utils-4.15.1-12.fc41.aarch64
sqlite-libs-3.46.1-2.fc41.aarch64
systemd-libs-256.12-1.fc41.aarch64
tar-1.35-4.fc41.aarch64
unzip-6.0-64.fc41.aarch64
util-linux-2.40.4-1.fc41.aarch64
util-linux-core-2.40.4-1.fc41.aarch64
which-2.21-42.fc41.aarch64
xxhash-libs-0.8.3-1.fc41.aarch64
xz-5.6.2-2.fc41.aarch64
xz-libs-5.6.2-2.fc41.aarch64
zchunk-libs-1.5.1-1.fc41.aarch64
zig-srpm-macros-1-3.fc41.noarch
zip-3.0-41.fc41.aarch64
zlib-ng-compat-2.2.3-2.fc41.aarch64
zstd-1.5.7-1.fc41.aarch64
INFO: Running in chroot: ['set -x && cd /mnt/workdir-p_1mohso/product-listings-manager && echo -e "[safe]\ndirectory = /mnt/workdir-p_1mohso/product-listings-manager\ndirectory = /mnt/workdir-p_1mohso/product-listings-manager/*" > ~/.gitconfig && make -f /mnt/workdir-p_1mohso/product-listings-manager/.copr/Makefile srpm outdir="/mnt/safe-resultdir-d2_lrrpy" spec="/mnt/workdir-p_1mohso/product-listings-manager"']
Start: unpacking root cache
Finish: unpacking root cache
Start: chroot ['set -x && cd /mnt/workdir-p_1mohso/product-listings-manager && echo -e "[safe]\ndirectory = /mnt/workdir-p_1mohso/product-listings-manager\ndirectory = /mnt/workdir-p_1mohso/product-listings-manager/*" > ~/.gitconfig && make -f /mnt/workdir-p_1mohso/product-listings-manager/.copr/Makefile srpm outdir="/mnt/safe-resultdir-d2_lrrpy" spec="/mnt/workdir-p_1mohso/product-listings-manager"']
Finish: chroot ['set -x && cd /mnt/workdir-p_1mohso/product-listings-manager && echo -e "[safe]\ndirectory = /mnt/workdir-p_1mohso/product-listings-manager\ndirectory = /mnt/workdir-p_1mohso/product-listings-manager/*" > ~/.gitconfig && make -f /mnt/workdir-p_1mohso/product-listings-manager/.copr/Makefile srpm outdir="/mnt/safe-resultdir-d2_lrrpy" spec="/mnt/workdir-p_1mohso/product-listings-manager"']
Finish: run
INFO: unmounting tmpfs.

Copr build error: INFO: mock.py version 6.1 starting (python version = 3.13.0, NVR = mock-6.1-1.fc41), args: /usr/libexec/mock/mock --uniqueext 1742201415.813035 -r /var/lib/copr-rpmbuild/workspace/safe-resultdir-d2_lrrpy/mock-source-build.cfg '--plugin-option=bind_mount:dirs=(("/var/lib/copr-rpmbuild/workspace/workdir-p_1mohso", "/mnt/workdir-p_1mohso"), ("/var/lib/copr-rpmbuild/workspace/safe-resultdir-d2_lrrpy", "/mnt/safe-resultdir-d2_lrrpy"))' --chroot 'set -x && cd /mnt/workdir-p_1mohso/product-listings-manager && echo -e "[safe]
directory = /mnt/workdir-p_1mohso/product-listings-manager
directory = /mnt/workdir-p_1mohso/product-listings-manager/*" > ~/.gitconfig && make -f /mnt/workdir-p_1mohso/product-listings-manager/.copr/Makefile srpm outdir="/mnt/safe-resultdir-d2_lrrpy" spec="/mnt/workdir-p_1mohso/product-listings-manager"'
Start: init plugins
INFO: tmpfs initialized
INFO: selinux enabled
INFO: chroot_scan: initialized
INFO: compress_logs: initialized
Finish: init plugins
INFO: Signal handler active
Start: run
Mock Version: 6.1
INFO: Mock Version: 6.1
Start: chroot init
INFO: mounting tmpfs at /var/lib/mock/make-srpm-method-1742201415.813035/root.
INFO: calling preinit hooks
INFO: enabled root cache
INFO: enabled package manager cache
Start: cleaning package manager metadata
Finish: cleaning package manager metadata
INFO: enabled HW Info plugin
INFO: Package manager dnf5 detected and used (fallback)
Start: installing minimal buildroot with dnf5
Finish: installing minimal buildroot with dnf5
Start: creating root cache
Finish: creating root cache
Finish: chroot init
INFO: Installed packages:
INFO: add-determinism-0.3.6-3.fc41.aarch64
alternatives-1.31-1.fc41.aarch64
ansible-srpm-macros-1-16.fc41.noarch
audit-libs-4.0.3-1.fc41.aarch64
authselect-1.5.0-8.fc41.aarch64
authselect-libs-1.5.0-8.fc41.aarch64
basesystem-11-21.fc41.noarch
bash-5.2.32-1.fc41.aarch64
binutils-2.43.1-5.fc41.aarch64
build-reproducibility-srpm-macros-0.3.6-3.fc41.noarch
bzip2-1.0.8-19.fc41.aarch64
bzip2-libs-1.0.8-19.fc41.aarch64
ca-certificates-2024.2.69_v8.0.401-1.0.fc41.noarch
coreutils-9.5-11.fc41.aarch64
coreutils-common-9.5-11.fc41.aarch64
cpio-2.15-2.fc41.aarch64
cracklib-2.9.11-6.fc41.aarch64
crypto-policies-20250124-1.git4d262e7.fc41.noarch
curl-8.9.1-3.fc41.aarch64
cyrus-sasl-lib-2.1.28-27.fc41.aarch64
debugedit-5.1-4.fc41.aarch64
diffutils-3.10-8.fc41.aarch64
dnf5-5.2.11.0-1.fc41.aarch64
dwz-0.15-8.fc41.aarch64
ed-1.20.2-2.fc41.aarch64
efi-srpm-macros-5-13.fc41.noarch
elfutils-0.192-9.fc41.aarch64
elfutils-debuginfod-client-0.192-9.fc41.aarch64
elfutils-default-yama-scope-0.192-9.fc41.noarch
elfutils-libelf-0.192-9.fc41.aarch64
elfutils-libs-0.192-9.fc41.aarch64
fedora-gpg-keys-41-1.noarch
fedora-release-41-31.noarch
fedora-release-common-41-31.noarch
fedora-release-identity-basic-41-31.noarch
fedora-repos-41-1.noarch
file-5.45-7.fc41.aarch64
file-libs-5.45-7.fc41.aarch64
filesystem-3.18-23.fc41.aarch64
findutils-4.10.0-4.fc41.aarch64
fmt-11.0.2-2.fc41.aarch64
fonts-srpm-macros-2.0.5-17.fc41.noarch
forge-srpm-macros-0.4.0-1.fc41.noarch
fpc-srpm-macros-1.3-13.fc41.noarch
gawk-5.3.0-4.fc41.aarch64
gdb-minimal-16.2-1.fc41.aarch64
gdbm-1.23-7.fc41.aarch64
gdbm-libs-1.23-7.fc41.aarch64
ghc-srpm-macros-1.9.1-2.fc41.noarch
glib2-2.82.2-1.fc41.aarch64
glibc-2.40-23.fc41.aarch64
glibc-common-2.40-23.fc41.aarch64
glibc-gconv-extra-2.40-23.fc41.aarch64
glibc-minimal-langpack-2.40-23.fc41.aarch64
gmp-6.3.0-2.fc41.aarch64
gnat-srpm-macros-6-6.fc41.noarch
gnutls-3.8.9-2.fc41.aarch64
go-srpm-macros-3.6.0-5.fc41.noarch
gpg-pubkey-e99d6ad1-64d2612c
grep-3.11-9.fc41.aarch64
gzip-1.13-2.fc41.aarch64
info-7.1-3.fc41.aarch64
jansson-2.13.1-10.fc41.aarch64
json-c-0.17-4.fc41.aarch64
kernel-srpm-macros-1.0-24.fc41.noarch
keyutils-libs-1.6.3-4.fc41.aarch64
krb5-libs-1.21.3-4.fc41.aarch64
libacl-2.3.2-2.fc41.aarch64
libarchive-3.7.4-4.fc41.aarch64
libattr-2.5.2-4.fc41.aarch64
libblkid-2.40.4-1.fc41.aarch64
libbrotli-1.1.0-5.fc41.aarch64
libcap-2.70-4.fc41.aarch64
libcap-ng-0.8.5-3.fc41.aarch64
libcom_err-1.47.1-6.fc41.aarch64
libcurl-8.9.1-3.fc41.aarch64
libdnf5-5.2.11.0-1.fc41.aarch64
libdnf5-cli-5.2.11.0-1.fc41.aarch64
libeconf-0.6.2-3.fc41.aarch64
libevent-2.1.12-14.fc41.aarch64
libfdisk-2.40.4-1.fc41.aarch64
libffi-3.4.6-3.fc41.aarch64
libgcc-14.2.1-7.fc41.aarch64
libgomp-14.2.1-7.fc41.aarch64
libidn2-2.3.8-1.fc41.aarch64
libmodulemd-2.15.0-14.fc41.aarch64
libmount-2.40.4-1.fc41.aarch64
libnghttp2-1.62.1-2.fc41.aarch64
libnsl2-2.0.1-2.fc41.aarch64
libpkgconf-2.3.0-1.fc41.aarch64
libpsl-0.21.5-4.fc41.aarch64
libpwquality-1.4.5-11.fc41.aarch64
librepo-1.19.0-1.fc41.aarch64
libselinux-3.7-5.fc41.aarch64
libsemanage-3.7-2.fc41.aarch64
libsepol-3.7-2.fc41.aarch64
libsmartcols-2.40.4-1.fc41.aarch64
libsolv-0.7.31-1.fc41.aarch64
libssh-0.10.6-8.fc41.aarch64
libssh-config-0.10.6-8.fc41.noarch
libstdc++-14.2.1-7.fc41.aarch64
libtasn1-4.20.0-1.fc41.aarch64
libtirpc-1.3.6-1.rc3.fc41.aarch64
libtool-ltdl-2.4.7-12.fc41.aarch64
libunistring-1.1-8.fc41.aarch64
libutempter-1.2.1-15.fc41.aarch64
libuuid-2.40.4-1.fc41.aarch64
libverto-0.3.2-9.fc41.aarch64
libxcrypt-4.4.38-6.fc41.aarch64
libxml2-2.12.10-1.fc41.aarch64
libyaml-0.2.5-15.fc41.aarch64
libzstd-1.5.7-1.fc41.aarch64
lua-libs-5.4.7-3.fc41.aarch64
lua-srpm-macros-1-14.fc41.noarch
lz4-libs-1.10.0-1.fc41.aarch64
make-4.4.1-8.fc41.aarch64
mpfr-4.2.1-5.fc41.aarch64
ncurses-base-6.5-2.20240629.fc41.noarch
ncurses-libs-6.5-2.20240629.fc41.aarch64
nettle-3.10-3.fc41.aarch64
ocaml-srpm-macros-10-3.fc41.noarch
openblas-srpm-macros-2-18.fc41.noarch
openldap-2.6.8-7.fc41.aarch64
openssl-libs-3.2.4-1.fc41.aarch64
p11-kit-0.25.5-3.fc41.aarch64
p11-kit-trust-0.25.5-3.fc41.aarch64
package-notes-srpm-macros-0.5-12.fc41.noarch
pam-1.6.1-7.fc41.aarch64
pam-libs-1.6.1-7.fc41.aarch64
patch-2.7.6-25.fc41.aarch64
pcre2-10.44-1.fc41.1.aarch64
pcre2-syntax-10.44-1.fc41.1.noarch
perl-srpm-macros-1-56.fc41.noarch
pkgconf-2.3.0-1.fc41.aarch64
pkgconf-m4-2.3.0-1.fc41.noarch
pkgconf-pkg-config-2.3.0-1.fc41.aarch64
popt-1.19-7.fc41.aarch64
publicsuffix-list-dafsa-20250116-1.fc41.noarch
pyproject-srpm-macros-1.17.0-1.fc41.noarch
python-srpm-macros-3.13-3.fc41.noarch
qt5-srpm-macros-5.15.15-1.fc41.noarch
qt6-srpm-macros-6.8.2-1.fc41.noarch
readline-8.2-10.fc41.aarch64
redhat-rpm-config-293-1.fc41.noarch
rpm-4.20.0-1.fc41.aarch64
rpm-build-4.20.0-1.fc41.aarch64
rpm-build-libs-4.20.0-1.fc41.aarch64
rpm-libs-4.20.0-1.fc41.aarch64
rpm-sequoia-1.7.0-5.fc41.aarch64
rust-srpm-macros-26.3-3.fc41.noarch
sdbus-cpp-1.5.0-3.fc41.aarch64
sed-4.9-3.fc41.aarch64
setup-2.15.0-8.fc41.noarch
shadow-utils-4.15.1-12.fc41.aarch64
sqlite-libs-3.46.1-2.fc41.aarch64
systemd-libs-256.12-1.fc41.aarch64
tar-1.35-4.fc41.aarch64
unzip-6.0-64.fc41.aarch64
util-linux-2.40.4-1.fc41.aarch64
util-linux-core-2.40.4-1.fc41.aarch64
which-2.21-42.fc41.aarch64
xxhash-libs-0.8.3-1.fc41.aarch64
xz-5.6.2-2.fc41.aarch64
xz-libs-5.6.2-2.fc41.aarch64
zchunk-libs-1.5.1-1.fc41.aarch64
zig-srpm-macros-1-3.fc41.noarch
zip-3.0-41.fc41.aarch64
zlib-ng-compat-2.2.3-2.fc41.aarch64
zstd-1.5.7-1.fc41.aarch64
INFO: Running in chroot: ['set -x && cd /mnt/workdir-p_1mohso/product-listings-manager && echo -e "[safe]\ndirectory = /mnt/workdir-p_1mohso/product-listings-manager\ndirectory = /mnt/workdir-p_1mohso/product-listings-manager/*" > ~/.gitconfig && make -f /mnt/workdir-p_1mohso/product-listings-manager/.copr/Makefile srpm outdir="/mnt/safe-resultdir-d2_lrrpy" spec="/mnt/workdir-p_1mohso/product-listings-manager"']
Start: unpacking root cache
Finish: unpacking root cache
Start: chroot ['set -x && cd /mnt/workdir-p_1mohso/product-listings-manager && echo -e "[safe]\ndirectory = /mnt/workdir-p_1mohso/product-listings-manager\ndirectory = /mnt/workdir-p_1mohso/product-listings-manager/*" > ~/.gitconfig && make -f /mnt/workdir-p_1mohso/product-listings-manager/.copr/Makefile srpm outdir="/mnt/safe-resultdir-d2_lrrpy" spec="/mnt/workdir-p_1mohso/product-listings-manager"']
Finish: chroot ['set -x && cd /mnt/workdir-p_1mohso/product-listings-manager && echo -e "[safe]\ndirectory = /mnt/workdir-p_1mohso/product-listings-manager\ndirectory = /mnt/workdir-p_1mohso/product-listings-manager/*" > ~/.gitconfig && make -f /mnt/workdir-p_1mohso/product-listings-manager/.copr/Makefile srpm outdir="/mnt/safe-resultdir-d2_lrrpy" spec="/mnt/workdir-p_1mohso/product-listings-manager"']
Finish: run
INFO: unmounting tmpfs.
